
ROM used: 1537 (19%)
          1537 (19%) including unused fragments

          1 Average locations per line
          4 Average locations per statement

RAM used: 17 (5%) at main() level
          42 (11%) worst case

Stack used: 5 worst case (out of 8 total available)

Lines Stmts  %   Files
----- ----- ---  -----
   91    60  16  week_7.c
  411     0   0  C:\Program Files (x86)\PICC\devices\16F887.h
  249    88  23  C:\Program Files (x86)\PICC\drivers\lcd.h
 2104   238  62  C:\Program Files (x86)\PICC\drivers\math.h
----- -----
 2855   386 Total

Page ROM  %  RAM   Vol Diff  Functions:
---- --- --- ---   --- ----  ----------
0     63   4  10             @FLT
0     33   2   4             @SFTOI
0     31   2   2             @ITOF
0    204  13  14             @DIVFF
0    117   8  13             @MULFF
0     21   1   1             @delay_ms2
0      8   1   0             @const211
0     58   4   2   594  4.3  lcd_init
 Inline        3   620  3.8  lcd_read_byte
0     49   3   2   204  3.2  lcd_read_nibble
0     87   6   3   313  3.4  lcd_send_byte
0     43   3   1   336  1.9  lcd_send_nibble
0     35   2   4   335  5.5  lcd_gotoxy
0     37   2   1   272  4.1  lcd_putc
0    422  27   1  1810  6.3  MAIN
0     16   1   0             @const224
0     10   1   0             @const225
 Inline        5             @FTOSD
0     66   4  13             @DIV3232
0    233  15  13             @PRINTF_L32D_209FPFPF

Program metrics:
    Functions               8
    Statements              386
    Comments                490
    Volume (V)              6549
    Difficilty (D)          31.6
    Effort to implement (E) 206647
    Time to implement (T)   3 hours, 11 minutes
    Est Delivered Bugs (B)  1
    Cyclomatic Complexity   14
    Maintainability (MI)    52

 Segment     Used  Free
-----------  ----  ----
00000-00003     4  0  
00004-007FF  1533  511  
00800-00FFF     0  2048  
01000-017FF     0  2048  
01800-01FFF     0  2048  



